<?xml version="1.0" encoding="UTF-8"?>
<testng-results ignored="0" total="2" passed="2" failed="0" skipped="0">
  <reporter-output>
  </reporter-output>
  <suite started-at="2021-05-17T18:25:43Z" name="Default suite" finished-at="2021-05-17T18:25:56Z" duration-ms="13397">
    <groups>
    </groups>
    <test started-at="2021-05-17T18:25:43Z" name="Default test" finished-at="2021-05-17T18:25:56Z" duration-ms="13397">
      <class name="com.demo.qa.testcases.SignOnpagetest">
        <test-method is-config="true" signature="setUp()[pri:0, instance:com.demo.qa.testcases.SignOnpagetest@1ed4ae0f]" started-at="2021-05-17T23:55:43Z" name="setUp" finished-at="2021-05-17T23:55:49Z" duration-ms="5961" status="PASS">
          <reporter-output>
          </reporter-output>
        </test-method> <!-- setUp -->
        <test-method signature="signonpagetitletest()[pri:1, instance:com.demo.qa.testcases.SignOnpagetest@1ed4ae0f]" started-at="2021-05-17T23:55:49Z" name="signonpagetitletest" finished-at="2021-05-17T23:55:49Z" duration-ms="17" status="PASS">
          <reporter-output>
          </reporter-output>
        </test-method> <!-- signonpagetitletest -->
        <test-method is-config="true" signature="Teardown()[pri:0, instance:com.demo.qa.testcases.SignOnpagetest@1ed4ae0f]" started-at="2021-05-17T23:55:49Z" name="Teardown" finished-at="2021-05-17T23:55:49Z" duration-ms="382" status="PASS">
          <reporter-output>
          </reporter-output>
        </test-method> <!-- Teardown -->
        <test-method is-config="true" signature="setUp()[pri:0, instance:com.demo.qa.testcases.SignOnpagetest@1ed4ae0f]" started-at="2021-05-17T23:55:49Z" name="setUp" finished-at="2021-05-17T23:55:55Z" duration-ms="5257" status="PASS">
          <reporter-output>
          </reporter-output>
        </test-method> <!-- setUp -->
        <test-method signature="logintest()[pri:2, instance:com.demo.qa.testcases.SignOnpagetest@1ed4ae0f]" started-at="2021-05-17T23:55:55Z" name="logintest" finished-at="2021-05-17T23:55:56Z" duration-ms="1450" status="PASS">
          <reporter-output>
          </reporter-output>
        </test-method> <!-- logintest -->
        <test-method is-config="true" signature="Teardown()[pri:0, instance:com.demo.qa.testcases.SignOnpagetest@1ed4ae0f]" started-at="2021-05-17T23:55:56Z" name="Teardown" finished-at="2021-05-17T23:55:56Z" duration-ms="294" status="PASS">
          <reporter-output>
          </reporter-output>
        </test-method> <!-- Teardown -->
      </class> <!-- com.demo.qa.testcases.SignOnpagetest -->
    </test> <!-- Default test -->
  </suite> <!-- Default suite -->
</testng-results>
