<?xml version="1.0" encoding="UTF-8"?>
<testng-results ignored="0" total="2" passed="2" failed="0" skipped="0">
  <reporter-output>
  </reporter-output>
  <suite started-at="2021-05-19T16:37:25Z" name="Default suite" finished-at="2021-05-19T16:37:26Z" duration-ms="1342">
    <groups>
    </groups>
    <test started-at="2021-05-19T16:37:25Z" name="Default test" finished-at="2021-05-19T16:37:26Z" duration-ms="1342">
      <class name="com.demo.qa.testcases.Homepagetest">
        <test-method is-config="true" signature="setUp()[pri:0, instance:com.demo.qa.testcases.Homepagetest@644baf4a]" started-at="2021-05-19T22:07:16Z" name="setUp" finished-at="2021-05-19T22:07:25Z" duration-ms="8790" status="PASS">
          <reporter-output>
          </reporter-output>
        </test-method> <!-- setUp -->
        <test-method signature="verifyhomepagetitletest()[pri:0, instance:com.demo.qa.testcases.Homepagetest@644baf4a]" started-at="2021-05-19T22:07:25Z" name="verifyhomepagetitletest" finished-at="2021-05-19T22:07:25Z" duration-ms="43" status="PASS">
          <reporter-output>
          </reporter-output>
        </test-method> <!-- verifyhomepagetitletest -->
        <test-method signature="verifyvacationlinktest()[pri:0, instance:com.demo.qa.testcases.Homepagetest@644baf4a]" started-at="2021-05-19T22:07:25Z" name="verifyvacationlinktest" finished-at="2021-05-19T22:07:26Z" duration-ms="1235" status="PASS">
          <reporter-output>
          </reporter-output>
        </test-method> <!-- verifyvacationlinktest -->
        <test-method is-config="true" signature="Teardown()[pri:0, instance:com.demo.qa.testcases.Homepagetest@644baf4a]" started-at="2021-05-19T22:07:26Z" name="Teardown" finished-at="2021-05-19T22:07:27Z" duration-ms="319" status="PASS">
          <reporter-output>
          </reporter-output>
        </test-method> <!-- Teardown -->
      </class> <!-- com.demo.qa.testcases.Homepagetest -->
    </test> <!-- Default test -->
  </suite> <!-- Default suite -->
</testng-results>
